<?xml version="1.0" encoding="UTF-8"?>
<!-- Generated by org.testng.reporters.JUnitReportReporter -->
<testsuite hostname="Dmitriys-MacBook-Pro.local" name="SuperMaven.GmailLoginTC" tests="1" failures="0" timestamp="23 Jun 2016 20:07:45 GMT" time="9.712" errors="0">
  <testcase name="Login" time="9.712" classname="SuperMaven.GmailLoginTC"/>
</testsuite> <!-- SuperMaven.GmailLoginTC -->
