<?xml version="1.0" encoding="UTF-8"?>
<!-- Generated by org.testng.reporters.JUnitReportReporter -->
<testsuite hostname="Dmitriys-MBP.home" name="SuperMaven.GmailLoginTC" tests="1" failures="0" timestamp="15 Aug 2016 14:36:29 GMT" time="10.489" errors="0">
  <testcase name="Login" time="10.489" classname="SuperMaven.GmailLoginTC"/>
</testsuite> <!-- SuperMaven.GmailLoginTC -->
